
> my-v0-project@0.1.0 dev
> next dev

   ▲ Next.js 15.2.4
   - Local:        http://localhost:3000
   - Network:      http://192.168.0.2:3000

 ✓ Starting...
Attention: Next.js now collects completely anonymous telemetry regarding usage.
This information is used to shape Next.js' roadmap and prioritize features.
You can learn more, including how to opt-out if you'd not like to participate in this anonymous program, by visiting the following URL:
https://nextjs.org/telemetry

 ✓ Ready in 1748ms
 ○ Compiling / ...
 ✓ Compiled / in 6.6s (740 modules)
 GET / 200 in 7351ms
 GET / 200 in 92ms
 ✓ Compiled in 1011ms (346 modules)
 ✓ Compiled in 228ms (346 modules)
 ✓ Compiled in 168ms (346 modules)
 ✓ Compiled in 254ms (346 modules)
 ✓ Compiled in 248ms (346 modules)
 ✓ Compiled in 2.7s (883 modules)
 ✓ Compiled in 154ms (419 modules)
 GET / 200 in 435ms
